[debug] [2020-12-16T14:23:28.656Z] ----------------------------------------------------------------------
[debug] [2020-12-16T14:23:28.659Z] Command:       /Users/maria/.nvm/versions/node/v14.15.0/bin/node /Users/maria/.nvm/versions/node/v14.15.0/bin/firebase deploy
[debug] [2020-12-16T14:23:28.659Z] CLI Version:   8.16.2
[debug] [2020-12-16T14:23:28.660Z] Platform:      darwin
[debug] [2020-12-16T14:23:28.660Z] Node Version:  v14.15.0
[debug] [2020-12-16T14:23:28.669Z] Time:          Wed Dec 16 2020 17:23:28 GMT+0300 (Moscow Standard Time)
[debug] [2020-12-16T14:23:28.670Z] ----------------------------------------------------------------------
[debug] [2020-12-16T14:23:28.670Z] 
[debug] [2020-12-16T14:23:28.673Z] >>> [apiv2][query] GET https://firebase-public.firebaseio.com/cli.json [none]
[debug] [2020-12-16T14:23:28.711Z] > command requires scopes: ["email","openid","https://www.googleapis.com/auth/cloudplatformprojects.readonly","https://www.googleapis.com/auth/firebase","https://www.googleapis.com/auth/cloud-platform"]
[debug] [2020-12-16T14:23:28.711Z] > authorizing via signed-in user
[debug] [2020-12-16T14:23:28.712Z] [iam] checking project kanban-6a1b2 for permissions ["firebase.projects.get","firebasehosting.sites.update"]
[debug] [2020-12-16T14:23:28.715Z] > refreshing access token with scopes: ["email","https://www.googleapis.com/auth/cloud-platform","https://www.googleapis.com/auth/cloudplatformprojects.readonly","https://www.googleapis.com/auth/firebase","openid"]
[debug] [2020-12-16T14:23:28.715Z] >>> HTTP REQUEST POST https://www.googleapis.com/oauth2/v3/token  
 <request body omitted>
[debug] [2020-12-16T14:23:28.732Z] [iam] error while checking permissions, command may fail: FirebaseError: Authentication Error: Your credentials are no longer valid. Please run firebase login --reauth

For CI servers and headless environments, generate a new token with firebase login:ci
[debug] [2020-12-16T14:23:28.734Z] > refreshing access token with scopes: ["email","https://www.googleapis.com/auth/cloud-platform","https://www.googleapis.com/auth/cloudplatformprojects.readonly","https://www.googleapis.com/auth/firebase","openid"]
[debug] [2020-12-16T14:23:28.734Z] >>> HTTP REQUEST POST https://www.googleapis.com/oauth2/v3/token  
 <request body omitted>
[debug] [2020-12-16T14:23:28.740Z] Authentication Error: Your credentials are no longer valid. Please run firebase login --reauth

For CI servers and headless environments, generate a new token with firebase login:ci
[debug] [2020-12-16T14:23:29.228Z] FirebaseError: Authentication Error: Your credentials are no longer valid. Please run firebase login --reauth

For CI servers and headless environments, generate a new token with firebase login:ci
    at Object.<anonymous> (/Users/maria/.nvm/versions/node/v14.15.0/lib/node_modules/firebase-tools/lib/auth.js:23:32)
    at Module._compile (internal/modules/cjs/loader.js:1063:30)
    at Object.Module._extensions..js (internal/modules/cjs/loader.js:1092:10)
    at Module.load (internal/modules/cjs/loader.js:928:32)
    at Function.Module._load (internal/modules/cjs/loader.js:769:14)
    at Module.require (internal/modules/cjs/loader.js:952:19)
    at require (internal/modules/cjs/helpers.js:88:18)
    at Object.<anonymous> (/Users/maria/.nvm/versions/node/v14.15.0/lib/node_modules/firebase-tools/lib/init/features/hosting/github.js:20:16)
    at Module._compile (internal/modules/cjs/loader.js:1063:30)
    at Object.Module._extensions..js (internal/modules/cjs/loader.js:1092:10)
    at Module.load (internal/modules/cjs/loader.js:928:32)
    at Function.Module._load (internal/modules/cjs/loader.js:769:14)
    at Module.require (internal/modules/cjs/loader.js:952:19)
    at require (internal/modules/cjs/helpers.js:88:18)
    at Object.<anonymous> (/Users/maria/.nvm/versions/node/v14.15.0/lib/node_modules/firebase-tools/lib/init/features/hosting/index.js:7:24)
    at Module._compile (internal/modules/cjs/loader.js:1063:30)
[error] 
[error] Error: Failed to get Firebase project kanban-6a1b2. Please make sure the project exists and your account has permission to access it.
